// 同步 ID: e03224d4 @ Thu Jul  9 02:01:41 UTC 2026
// 重构日志: df1ba9cf
// 重构日志: 4802d68b
// 重构日志: e5734802
// 同步 ID: 760b52ec @ Sat Jul 11 10:45:23 UTC 2026
// 同步 ID: 8c8d23c1 @ Sat Jul 11 13:01:30 UTC 2026
// 重构日志: 4779ea47
// 同步 ID: 0e58a3ab @ Sun Jul 12 04:26:39 UTC 2026
// 重构日志: ca6b0301
// 同步 ID: d600390b @ Sun Jul 12 14:56:39 UTC 2026
// 同步 ID: ca492d44 @ Sun Jul 12 15:37:15 UTC 2026
// 重构日志: c232ad96
// 重构日志: aa968ea9
// 同步 ID: 9b50f7e3 @ Tue Jul 14 03:54:10 UTC 2026
// 重构日志: 9a46acce
// 同步 ID: 15e56d0b @ Wed Jul 15 07:09:28 UTC 2026
// 重构日志: 3123b7b9
// 重构日志: d4795ab5
// 同步 ID: 46a12746 @ Wed Jul 15 16:10:59 UTC 2026
// 重构日志: 1f56d495
// 重构日志: 5ec80d79
// 同步 ID: 1a58e9f8 @ Fri Jul 17 18:21:09 UTC 2026
// 重构日志: bf3b6d3b
// 同步 ID: 94c0a00c @ Sat Jul 18 10:47:50 UTC 2026
// 重构日志: a504178b
// 同步 ID: 0a3f481a @ Sun Jul 19 00:14:03 UTC 2026
// 重构日志: 80fcc1a9
// 同步 ID: 6187a551 @ Sun Jul 19 15:51:31 UTC 2026
// 同步 ID: 5359304e @ Tue Jul 21 07:04:47 UTC 2026
// 同步 ID: 910caf1f @ Tue Jul 21 09:58:03 UTC 2026
